2025-01-22T13:05:14.329+01:00  INFO 9360 --- [yukka] [main] com.example.yukka.YukkaApplication       : Starting YukkaApplication using Java 17.0.10 with PID 9360 (F:\Lukasz\notatki\Dyplomowe sprawy\Praca inzynierska\yukka\target\classes started by Toshi in F:\Lukasz\notatki\Dyplomowe sprawy\Praca inzynierska\yukka)
2025-01-22T13:05:14.334+01:00  INFO 9360 --- [yukka] [main] com.example.yukka.YukkaApplication       : No active profile set, falling back to 1 default profile: "default"
2025-01-22T13:05:15.413+01:00  INFO 9360 --- [yukka] [main] .s.d.r.c.RepositoryConfigurationDelegate : Bootstrapping Spring Data Neo4j repositories in DEFAULT mode.
2025-01-22T13:05:15.534+01:00  INFO 9360 --- [yukka] [main] .s.d.r.c.RepositoryConfigurationDelegate : Finished Spring Data repository scanning in 115 ms. Found 0 Neo4j repository interfaces.
2025-01-22T13:05:15.540+01:00  INFO 9360 --- [yukka] [main] .s.d.r.c.RepositoryConfigurationDelegate : Bootstrapping Spring Data Neo4j repositories in DEFAULT mode.
2025-01-22T13:05:15.580+01:00  INFO 9360 --- [yukka] [main] .s.d.r.c.RepositoryConfigurationDelegate : Finished Spring Data repository scanning in 38 ms. Found 11 Neo4j repository interfaces.
2025-01-22T13:05:16.181+01:00  INFO 9360 --- [yukka] [main] o.s.b.w.embedded.tomcat.TomcatWebServer  : Tomcat initialized with port 8081 (http)
2025-01-22T13:05:16.196+01:00  INFO 9360 --- [yukka] [main] o.apache.catalina.core.StandardService   : Starting service [Tomcat]
2025-01-22T13:05:16.198+01:00  INFO 9360 --- [yukka] [main] o.apache.catalina.core.StandardEngine    : Starting Servlet engine: [Apache Tomcat/10.1.26]
2025-01-22T13:05:16.306+01:00  INFO 9360 --- [yukka] [main] o.a.c.c.C.[Tomcat].[localhost].[/]       : Initializing Spring embedded WebApplicationContext
2025-01-22T13:05:16.307+01:00  INFO 9360 --- [yukka] [main] w.s.c.ServletWebServerApplicationContext : Root WebApplicationContext: initialization completed in 1931 ms
2025-01-22T13:05:16.793+01:00  INFO 9360 --- [yukka] [main] o.neo4j.driver.internal.DriverFactory    : Direct driver instance 2116841430 created for server address localhost:7687
2025-01-22T13:05:17.053+01:00  WARN 9360 --- [yukka] [main] o.s.d.n.c.mapping.Neo4jPersistentEntity  : The entity com.example.yukka.model.social.models.rozmowaPrywatna.RozmowaPrywatna is using a Long value for storing internally generated Neo4j ids. The Neo4j internal Long Ids are deprecated, please consider using an external ID generator.
2025-01-22T13:05:17.079+01:00  WARN 9360 --- [yukka] [main] o.s.d.n.c.mapping.Neo4jPersistentEntity  : The entity com.example.yukka.model.social.models.ocenil.OcenilReverse is using a Long value for storing internally generated Neo4j ids. The Neo4j internal Long Ids are deprecated, please consider using an external ID generator.
2025-01-22T13:05:17.083+01:00  WARN 9360 --- [yukka] [main] o.s.d.n.c.mapping.Neo4jPersistentEntity  : The entity com.example.yukka.model.social.models.komentarz.Komentarz is using a Long value for storing internally generated Neo4j ids. The Neo4j internal Long Ids are deprecated, please consider using an external ID generator.
2025-01-22T13:05:17.086+01:00  WARN 9360 --- [yukka] [main] o.s.d.n.c.mapping.Neo4jPersistentEntity  : The entity com.example.yukka.model.social.models.post.Post is using a Long value for storing internally generated Neo4j ids. The Neo4j internal Long Ids are deprecated, please consider using an external ID generator.
2025-01-22T13:05:17.092+01:00  WARN 9360 --- [yukka] [main] o.s.d.n.c.mapping.Neo4jPersistentEntity  : The entity com.example.yukka.model.social.models.ocenil.Ocenil is using a Long value for storing internally generated Neo4j ids. The Neo4j internal Long Ids are deprecated, please consider using an external ID generator.
2025-01-22T13:05:17.097+01:00  WARN 9360 --- [yukka] [main] o.s.d.n.c.mapping.Neo4jPersistentEntity  : The entity com.example.yukka.model.uzytkownik.Ustawienia is using a Long value for storing internally generated Neo4j ids. The Neo4j internal Long Ids are deprecated, please consider using an external ID generator.
2025-01-22T13:05:17.102+01:00  WARN 9360 --- [yukka] [main] o.s.d.n.c.mapping.Neo4jPersistentEntity  : The entity com.example.yukka.model.uzytkownik.Uzytkownik is using a Long value for storing internally generated Neo4j ids. The Neo4j internal Long Ids are deprecated, please consider using an external ID generator.
2025-01-22T13:05:17.105+01:00  WARN 9360 --- [yukka] [main] o.s.d.n.c.mapping.Neo4jPersistentEntity  : The entity com.example.yukka.model.ogrod.Ogrod is using a Long value for storing internally generated Neo4j ids. The Neo4j internal Long Ids are deprecated, please consider using an external ID generator.
2025-01-22T13:05:17.115+01:00  WARN 9360 --- [yukka] [main] o.s.d.n.c.mapping.Neo4jPersistentEntity  : The entity com.example.yukka.model.roslina.cecha.Cecha is using a Long value for storing internally generated Neo4j ids. The Neo4j internal Long Ids are deprecated, please consider using an external ID generator.
2025-01-22T13:05:17.122+01:00  WARN 9360 --- [yukka] [main] o.s.d.n.c.mapping.Neo4jPersistentEntity  : The entity com.example.yukka.model.roslina.Roslina is using a Long value for storing internally generated Neo4j ids. The Neo4j internal Long Ids are deprecated, please consider using an external ID generator.
2025-01-22T13:05:17.138+01:00  WARN 9360 --- [yukka] [main] o.s.d.n.c.mapping.Neo4jPersistentEntity  : The entity com.example.yukka.model.dzialka.ZasadzonaNaReverse is using a Long value for storing internally generated Neo4j ids. The Neo4j internal Long Ids are deprecated, please consider using an external ID generator.
2025-01-22T13:05:17.140+01:00  WARN 9360 --- [yukka] [main] o.s.d.n.c.mapping.Neo4jPersistentEntity  : The entity com.example.yukka.model.dzialka.Dzialka is using a Long value for storing internally generated Neo4j ids. The Neo4j internal Long Ids are deprecated, please consider using an external ID generator.
2025-01-22T13:05:17.142+01:00  WARN 9360 --- [yukka] [main] o.s.d.n.c.mapping.Neo4jPersistentEntity  : The entity com.example.yukka.model.dzialka.ZasadzonaNa is using a Long value for storing internally generated Neo4j ids. The Neo4j internal Long Ids are deprecated, please consider using an external ID generator.
2025-01-22T13:05:17.146+01:00  WARN 9360 --- [yukka] [main] o.s.d.n.c.mapping.Neo4jPersistentEntity  : The entity com.example.yukka.model.social.models.powiadomienie.Powiadamia is using a Long value for storing internally generated Neo4j ids. The Neo4j internal Long Ids are deprecated, please consider using an external ID generator.
2025-01-22T13:05:17.149+01:00  WARN 9360 --- [yukka] [main] o.s.d.n.c.mapping.Neo4jPersistentEntity  : The entity com.example.yukka.model.uzytkownik.token.Token is using a Long value for storing internally generated Neo4j ids. The Neo4j internal Long Ids are deprecated, please consider using an external ID generator.
2025-01-22T13:05:17.154+01:00  WARN 9360 --- [yukka] [main] o.s.d.n.c.mapping.Neo4jPersistentEntity  : The entity com.example.yukka.model.uzytkownik.MaUstawienia is using a Long value for storing internally generated Neo4j ids. The Neo4j internal Long Ids are deprecated, please consider using an external ID generator.
2025-01-22T13:05:17.162+01:00  WARN 9360 --- [yukka] [main] o.s.d.n.c.mapping.Neo4jPersistentEntity  : The entity com.example.yukka.model.social.models.powiadomienie.Powiadomienie is using a Long value for storing internally generated Neo4j ids. The Neo4j internal Long Ids are deprecated, please consider using an external ID generator.
2025-01-22T13:05:18.257+01:00  INFO 9360 --- [yukka] [main] eAuthenticationProviderManagerConfigurer : Global AuthenticationManager configured with AuthenticationProvider bean with name neo4JAuthenticationProvider
2025-01-22T13:05:18.259+01:00  WARN 9360 --- [yukka] [main] r$InitializeUserDetailsManagerConfigurer : Global AuthenticationManager configured with an AuthenticationProvider bean. UserDetailsService beans will not be used for username/password login. Consider removing the AuthenticationProvider bean. Alternatively, consider using the UserDetailsService in a manually instantiated DaoAuthenticationProvider.
2025-01-22T13:05:18.355+01:00  INFO 9360 --- [yukka] [main] o.s.b.a.w.s.WelcomePageHandlerMapping    : Adding welcome page: class path resource [static/index.html]
2025-01-22T13:05:18.801+01:00  INFO 9360 --- [yukka] [main] o.s.b.a.e.web.EndpointLinksResolver      : Exposing 1 endpoint beneath base path '/actuator'
2025-01-22T13:05:19.404+01:00  INFO 9360 --- [yukka] [main] o.s.b.w.embedded.tomcat.TomcatWebServer  : Tomcat started on port 8081 (http) with context path '/'
2025-01-22T13:05:19.425+01:00  INFO 9360 --- [yukka] [main] com.example.yukka.YukkaApplication       : Started YukkaApplication in 5.438 seconds (process running for 5.898)
2025-01-22T13:05:19.445+01:00  INFO 9360 --- [yukka] [main] com.example.yukka.YukkaApplication       : Seedowanie bazy danych...
2025-01-22T13:05:19.682+01:00  INFO 9360 --- [yukka] [main] c.e.y.m.s.m.p.c.PowiadomienieService     : Sprawdzanie okresów powiadomień
2025-01-22T13:05:19.683+01:00  INFO 9360 --- [yukka] [main] c.e.y.m.s.m.p.c.PowiadomienieService     : Dzisiaj nie jest pierwszy dzień miesiąca, pomijanie sprawdzania okresów powiadomień
2025-01-22T13:05:19.700+01:00  INFO 9360 --- [yukka] [main] c.e.y.m.s.m.p.c.PowiadomienieService     : Sprawdzanie zbanowanych użytkowników
2025-01-22T13:05:20.267+01:00  INFO 9360 --- [yukka] [RMI TCP Connection(2)-127.0.0.1] o.a.c.c.C.[Tomcat].[localhost].[/]       : Initializing Spring DispatcherServlet 'dispatcherServlet'
2025-01-22T13:05:20.268+01:00  INFO 9360 --- [yukka] [RMI TCP Connection(2)-127.0.0.1] o.s.web.servlet.DispatcherServlet        : Initializing Servlet 'dispatcherServlet'
2025-01-22T13:05:20.269+01:00  INFO 9360 --- [yukka] [RMI TCP Connection(2)-127.0.0.1] o.s.web.servlet.DispatcherServlet        : Completed initialization in 1 ms
2025-01-22T13:05:32.151+01:00  INFO 23232 --- [yukka] [main] c.e.y.m.roslina.RoslinaControllerTest    : Starting RoslinaControllerTest using Java 17.0.10 with PID 23232 (started by Toshi in F:\Lukasz\notatki\Dyplomowe sprawy\Praca inzynierska\yukka)
2025-01-22T13:05:32.152+01:00  INFO 23232 --- [yukka] [main] c.e.y.m.roslina.RoslinaControllerTest    : No active profile set, falling back to 1 default profile: "default"
2025-01-22T13:05:33.289+01:00  INFO 23232 --- [yukka] [main] .s.d.r.c.RepositoryConfigurationDelegate : Bootstrapping Spring Data Neo4j repositories in DEFAULT mode.
2025-01-22T13:05:33.422+01:00  INFO 23232 --- [yukka] [main] .s.d.r.c.RepositoryConfigurationDelegate : Finished Spring Data repository scanning in 128 ms. Found 0 Neo4j repository interfaces.
2025-01-22T13:05:33.427+01:00  INFO 23232 --- [yukka] [main] .s.d.r.c.RepositoryConfigurationDelegate : Bootstrapping Spring Data Neo4j repositories in DEFAULT mode.
2025-01-22T13:05:33.462+01:00  INFO 23232 --- [yukka] [main] .s.d.r.c.RepositoryConfigurationDelegate : Finished Spring Data repository scanning in 35 ms. Found 11 Neo4j repository interfaces.
2025-01-22T13:05:34.245+01:00  INFO 23232 --- [yukka] [main] o.neo4j.driver.internal.DriverFactory    : Direct driver instance 545394160 created for server address localhost:7687
2025-01-22T13:05:34.597+01:00  WARN 23232 --- [yukka] [main] o.s.d.n.c.mapping.Neo4jPersistentEntity  : The entity com.example.yukka.model.social.models.rozmowaPrywatna.RozmowaPrywatna is using a Long value for storing internally generated Neo4j ids. The Neo4j internal Long Ids are deprecated, please consider using an external ID generator.
2025-01-22T13:05:34.697+01:00  WARN 23232 --- [yukka] [main] o.s.d.n.c.mapping.Neo4jPersistentEntity  : The entity com.example.yukka.model.social.models.ocenil.OcenilReverse is using a Long value for storing internally generated Neo4j ids. The Neo4j internal Long Ids are deprecated, please consider using an external ID generator.
2025-01-22T13:05:34.700+01:00  WARN 23232 --- [yukka] [main] o.s.d.n.c.mapping.Neo4jPersistentEntity  : The entity com.example.yukka.model.social.models.komentarz.Komentarz is using a Long value for storing internally generated Neo4j ids. The Neo4j internal Long Ids are deprecated, please consider using an external ID generator.
2025-01-22T13:05:34.706+01:00  WARN 23232 --- [yukka] [main] o.s.d.n.c.mapping.Neo4jPersistentEntity  : The entity com.example.yukka.model.social.models.ocenil.Ocenil is using a Long value for storing internally generated Neo4j ids. The Neo4j internal Long Ids are deprecated, please consider using an external ID generator.
2025-01-22T13:05:34.711+01:00  WARN 23232 --- [yukka] [main] o.s.d.n.c.mapping.Neo4jPersistentEntity  : The entity com.example.yukka.model.uzytkownik.Ustawienia is using a Long value for storing internally generated Neo4j ids. The Neo4j internal Long Ids are deprecated, please consider using an external ID generator.
2025-01-22T13:05:34.751+01:00  WARN 23232 --- [yukka] [main] o.s.d.n.c.mapping.Neo4jPersistentEntity  : The entity com.example.yukka.model.dzialka.ZasadzonaNa is using a Long value for storing internally generated Neo4j ids. The Neo4j internal Long Ids are deprecated, please consider using an external ID generator.
2025-01-22T13:05:34.754+01:00  WARN 23232 --- [yukka] [main] o.s.d.n.c.mapping.Neo4jPersistentEntity  : The entity com.example.yukka.model.roslina.cecha.Cecha is using a Long value for storing internally generated Neo4j ids. The Neo4j internal Long Ids are deprecated, please consider using an external ID generator.
2025-01-22T13:05:34.760+01:00  WARN 23232 --- [yukka] [main] o.s.d.n.c.mapping.Neo4jPersistentEntity  : The entity com.example.yukka.model.roslina.Roslina is using a Long value for storing internally generated Neo4j ids. The Neo4j internal Long Ids are deprecated, please consider using an external ID generator.
2025-01-22T13:05:34.766+01:00  WARN 23232 --- [yukka] [main] o.s.d.n.c.mapping.Neo4jPersistentEntity  : The entity com.example.yukka.model.dzialka.ZasadzonaNaReverse is using a Long value for storing internally generated Neo4j ids. The Neo4j internal Long Ids are deprecated, please consider using an external ID generator.
2025-01-22T13:05:34.766+01:00  WARN 23232 --- [yukka] [main] o.s.d.n.c.mapping.Neo4jPersistentEntity  : The entity com.example.yukka.model.dzialka.Dzialka is using a Long value for storing internally generated Neo4j ids. The Neo4j internal Long Ids are deprecated, please consider using an external ID generator.
2025-01-22T13:05:34.767+01:00  WARN 23232 --- [yukka] [main] o.s.d.n.c.mapping.Neo4jPersistentEntity  : The entity com.example.yukka.model.ogrod.Ogrod is using a Long value for storing internally generated Neo4j ids. The Neo4j internal Long Ids are deprecated, please consider using an external ID generator.
2025-01-22T13:05:34.770+01:00  WARN 23232 --- [yukka] [main] o.s.d.n.c.mapping.Neo4jPersistentEntity  : The entity com.example.yukka.model.uzytkownik.Uzytkownik is using a Long value for storing internally generated Neo4j ids. The Neo4j internal Long Ids are deprecated, please consider using an external ID generator.
2025-01-22T13:05:34.772+01:00  WARN 23232 --- [yukka] [main] o.s.d.n.c.mapping.Neo4jPersistentEntity  : The entity com.example.yukka.model.social.models.post.Post is using a Long value for storing internally generated Neo4j ids. The Neo4j internal Long Ids are deprecated, please consider using an external ID generator.
2025-01-22T13:05:34.776+01:00  WARN 23232 --- [yukka] [main] o.s.d.n.c.mapping.Neo4jPersistentEntity  : The entity com.example.yukka.model.social.models.powiadomienie.Powiadamia is using a Long value for storing internally generated Neo4j ids. The Neo4j internal Long Ids are deprecated, please consider using an external ID generator.
2025-01-22T13:05:34.782+01:00  WARN 23232 --- [yukka] [main] o.s.d.n.c.mapping.Neo4jPersistentEntity  : The entity com.example.yukka.model.social.models.powiadomienie.Powiadomienie is using a Long value for storing internally generated Neo4j ids. The Neo4j internal Long Ids are deprecated, please consider using an external ID generator.
2025-01-22T13:05:34.785+01:00  WARN 23232 --- [yukka] [main] o.s.d.n.c.mapping.Neo4jPersistentEntity  : The entity com.example.yukka.model.uzytkownik.token.Token is using a Long value for storing internally generated Neo4j ids. The Neo4j internal Long Ids are deprecated, please consider using an external ID generator.
2025-01-22T13:05:34.789+01:00  WARN 23232 --- [yukka] [main] o.s.d.n.c.mapping.Neo4jPersistentEntity  : The entity com.example.yukka.model.uzytkownik.MaUstawienia is using a Long value for storing internally generated Neo4j ids. The Neo4j internal Long Ids are deprecated, please consider using an external ID generator.
2025-01-22T13:05:35.817+01:00  INFO 23232 --- [yukka] [main] eAuthenticationProviderManagerConfigurer : Global AuthenticationManager configured with AuthenticationProvider bean with name neo4JAuthenticationProvider
2025-01-22T13:05:35.819+01:00  WARN 23232 --- [yukka] [main] r$InitializeUserDetailsManagerConfigurer : Global AuthenticationManager configured with an AuthenticationProvider bean. UserDetailsService beans will not be used for username/password login. Consider removing the AuthenticationProvider bean. Alternatively, consider using the UserDetailsService in a manually instantiated DaoAuthenticationProvider.
2025-01-22T13:05:35.952+01:00  INFO 23232 --- [yukka] [main] o.s.b.a.w.s.WelcomePageHandlerMapping    : Adding welcome page: class path resource [static/index.html]
2025-01-22T13:05:36.483+01:00  INFO 23232 --- [yukka] [main] o.s.b.a.e.web.EndpointLinksResolver      : Exposing 1 endpoint beneath base path '/actuator'
2025-01-22T13:05:37.201+01:00  INFO 23232 --- [yukka] [main] c.e.y.m.roslina.RoslinaControllerTest    : Started RoslinaControllerTest in 5.323 seconds (process running for 6.341)
2025-01-22T13:05:37.268+01:00  INFO 23232 --- [yukka] [main] com.example.yukka.YukkaApplication       : Seedowanie bazy danych...
2025-01-22T13:05:37.460+01:00  INFO 23232 --- [yukka] [main] c.e.y.m.s.m.p.c.PowiadomienieService     : Sprawdzanie okresów powiadomień
2025-01-22T13:05:37.460+01:00  INFO 23232 --- [yukka] [main] c.e.y.m.s.m.p.c.PowiadomienieService     : Dzisiaj nie jest pierwszy dzień miesiąca, pomijanie sprawdzania okresów powiadomień
2025-01-22T13:05:37.481+01:00  INFO 23232 --- [yukka] [main] c.e.y.m.s.m.p.c.PowiadomienieService     : Sprawdzanie zbanowanych użytkowników
2025-01-22T13:05:38.395+01:00  INFO 23232 --- [yukka] [main] c.e.y.m.roslina.RoslinaControllerTest    : Usuwanie rośliny testowej
2025-01-22T13:05:41.368+01:00  INFO 23232 --- [yukka] [main] c.e.y.m.roslina.RoslinaControllerTest    : Zakończono test dodawania roślin.
2025-01-22T13:05:41.834+01:00  INFO 23232 --- [yukka] [main] c.e.y.m.roslina.RoslinaControllerTest    : Zakończono test auktualizacji rośliny.
2025-01-22T13:05:41.840+01:00  INFO 23232 --- [yukka] [main] c.e.y.m.roslina.RoslinaControllerTest    : Rozpoczęto test usuwania roślin.
2025-01-22T13:05:41.860+01:00  WARN 23232 --- [yukka] [main] com.example.yukka.file.FileUtils         : Plik nie istnieje: default_plant.jpg
2025-01-22T13:05:41.864+01:00  INFO 23232 --- [yukka] [main] tionInformation$PropertyDescriptorSource : Couldn't read class metadata for void. Input property calculation might fail
2025-01-22T13:05:42.055+01:00  INFO 23232 --- [yukka] [main] c.e.y.m.roslina.RoslinaControllerTest    : Zakończono test usuwania roślin.
2025-01-22T13:05:42.237+01:00  WARN 23232 --- [yukka] [main] com.example.yukka.file.FileUtils         : Plik nie istnieje: default_plant.jpg
2025-01-22T13:05:42.347+01:00  INFO 23232 --- [yukka] [SpringApplicationShutdownHook] o.neo4j.driver.internal.InternalDriver   : Closing driver instance 545394160
2025-01-22T13:05:42.351+01:00  INFO 23232 --- [yukka] [SpringApplicationShutdownHook] o.n.d.i.async.pool.ConnectionPoolImpl    : Closing connection pool towards localhost:7687
2025-01-22T13:08:42.906+01:00  INFO 24732 --- [yukka] [main] com.example.yukka.YukkaApplication       : Starting YukkaApplication using Java 17.0.10 with PID 24732 (F:\Lukasz\notatki\Dyplomowe sprawy\Praca inzynierska\yukka\target\classes started by Toshi in F:\Lukasz\notatki\Dyplomowe sprawy\Praca inzynierska\yukka)
2025-01-22T13:08:42.909+01:00  INFO 24732 --- [yukka] [main] com.example.yukka.YukkaApplication       : No active profile set, falling back to 1 default profile: "default"
2025-01-22T13:08:44.072+01:00  INFO 24732 --- [yukka] [main] .s.d.r.c.RepositoryConfigurationDelegate : Bootstrapping Spring Data Neo4j repositories in DEFAULT mode.
2025-01-22T13:08:44.212+01:00  INFO 24732 --- [yukka] [main] .s.d.r.c.RepositoryConfigurationDelegate : Finished Spring Data repository scanning in 134 ms. Found 0 Neo4j repository interfaces.
2025-01-22T13:08:44.218+01:00  INFO 24732 --- [yukka] [main] .s.d.r.c.RepositoryConfigurationDelegate : Bootstrapping Spring Data Neo4j repositories in DEFAULT mode.
2025-01-22T13:08:44.261+01:00  INFO 24732 --- [yukka] [main] .s.d.r.c.RepositoryConfigurationDelegate : Finished Spring Data repository scanning in 42 ms. Found 11 Neo4j repository interfaces.
2025-01-22T13:08:44.872+01:00  INFO 24732 --- [yukka] [main] o.s.b.w.embedded.tomcat.TomcatWebServer  : Tomcat initialized with port 8081 (http)
2025-01-22T13:08:44.889+01:00  INFO 24732 --- [yukka] [main] o.apache.catalina.core.StandardService   : Starting service [Tomcat]
2025-01-22T13:08:44.890+01:00  INFO 24732 --- [yukka] [main] o.apache.catalina.core.StandardEngine    : Starting Servlet engine: [Apache Tomcat/10.1.26]
2025-01-22T13:08:45.024+01:00  INFO 24732 --- [yukka] [main] o.a.c.c.C.[Tomcat].[localhost].[/]       : Initializing Spring embedded WebApplicationContext
2025-01-22T13:08:45.026+01:00  INFO 24732 --- [yukka] [main] w.s.c.ServletWebServerApplicationContext : Root WebApplicationContext: initialization completed in 2072 ms
2025-01-22T13:08:45.535+01:00  INFO 24732 --- [yukka] [main] o.neo4j.driver.internal.DriverFactory    : Direct driver instance 1270816977 created for server address localhost:7687
2025-01-22T13:08:45.806+01:00  WARN 24732 --- [yukka] [main] o.s.d.n.c.mapping.Neo4jPersistentEntity  : The entity com.example.yukka.model.social.models.rozmowaPrywatna.RozmowaPrywatna is using a Long value for storing internally generated Neo4j ids. The Neo4j internal Long Ids are deprecated, please consider using an external ID generator.
2025-01-22T13:08:45.844+01:00  WARN 24732 --- [yukka] [main] o.s.d.n.c.mapping.Neo4jPersistentEntity  : The entity com.example.yukka.model.social.models.ocenil.OcenilReverse is using a Long value for storing internally generated Neo4j ids. The Neo4j internal Long Ids are deprecated, please consider using an external ID generator.
2025-01-22T13:08:45.848+01:00  WARN 24732 --- [yukka] [main] o.s.d.n.c.mapping.Neo4jPersistentEntity  : The entity com.example.yukka.model.social.models.komentarz.Komentarz is using a Long value for storing internally generated Neo4j ids. The Neo4j internal Long Ids are deprecated, please consider using an external ID generator.
2025-01-22T13:08:45.859+01:00  WARN 24732 --- [yukka] [main] o.s.d.n.c.mapping.Neo4jPersistentEntity  : The entity com.example.yukka.model.social.models.post.Post is using a Long value for storing internally generated Neo4j ids. The Neo4j internal Long Ids are deprecated, please consider using an external ID generator.
2025-01-22T13:08:45.866+01:00  WARN 24732 --- [yukka] [main] o.s.d.n.c.mapping.Neo4jPersistentEntity  : The entity com.example.yukka.model.social.models.ocenil.Ocenil is using a Long value for storing internally generated Neo4j ids. The Neo4j internal Long Ids are deprecated, please consider using an external ID generator.
2025-01-22T13:08:45.870+01:00  WARN 24732 --- [yukka] [main] o.s.d.n.c.mapping.Neo4jPersistentEntity  : The entity com.example.yukka.model.uzytkownik.Ustawienia is using a Long value for storing internally generated Neo4j ids. The Neo4j internal Long Ids are deprecated, please consider using an external ID generator.
2025-01-22T13:08:45.875+01:00  WARN 24732 --- [yukka] [main] o.s.d.n.c.mapping.Neo4jPersistentEntity  : The entity com.example.yukka.model.uzytkownik.Uzytkownik is using a Long value for storing internally generated Neo4j ids. The Neo4j internal Long Ids are deprecated, please consider using an external ID generator.
2025-01-22T13:08:45.878+01:00  WARN 24732 --- [yukka] [main] o.s.d.n.c.mapping.Neo4jPersistentEntity  : The entity com.example.yukka.model.ogrod.Ogrod is using a Long value for storing internally generated Neo4j ids. The Neo4j internal Long Ids are deprecated, please consider using an external ID generator.
2025-01-22T13:08:45.889+01:00  WARN 24732 --- [yukka] [main] o.s.d.n.c.mapping.Neo4jPersistentEntity  : The entity com.example.yukka.model.roslina.cecha.Cecha is using a Long value for storing internally generated Neo4j ids. The Neo4j internal Long Ids are deprecated, please consider using an external ID generator.
2025-01-22T13:08:45.896+01:00  WARN 24732 --- [yukka] [main] o.s.d.n.c.mapping.Neo4jPersistentEntity  : The entity com.example.yukka.model.roslina.Roslina is using a Long value for storing internally generated Neo4j ids. The Neo4j internal Long Ids are deprecated, please consider using an external ID generator.
2025-01-22T13:08:45.902+01:00  WARN 24732 --- [yukka] [main] o.s.d.n.c.mapping.Neo4jPersistentEntity  : The entity com.example.yukka.model.dzialka.ZasadzonaNaReverse is using a Long value for storing internally generated Neo4j ids. The Neo4j internal Long Ids are deprecated, please consider using an external ID generator.
2025-01-22T13:08:45.904+01:00  WARN 24732 --- [yukka] [main] o.s.d.n.c.mapping.Neo4jPersistentEntity  : The entity com.example.yukka.model.dzialka.Dzialka is using a Long value for storing internally generated Neo4j ids. The Neo4j internal Long Ids are deprecated, please consider using an external ID generator.
2025-01-22T13:08:45.906+01:00  WARN 24732 --- [yukka] [main] o.s.d.n.c.mapping.Neo4jPersistentEntity  : The entity com.example.yukka.model.dzialka.ZasadzonaNa is using a Long value for storing internally generated Neo4j ids. The Neo4j internal Long Ids are deprecated, please consider using an external ID generator.
2025-01-22T13:08:45.910+01:00  WARN 24732 --- [yukka] [main] o.s.d.n.c.mapping.Neo4jPersistentEntity  : The entity com.example.yukka.model.uzytkownik.token.Token is using a Long value for storing internally generated Neo4j ids. The Neo4j internal Long Ids are deprecated, please consider using an external ID generator.
2025-01-22T13:08:45.914+01:00  WARN 24732 --- [yukka] [main] o.s.d.n.c.mapping.Neo4jPersistentEntity  : The entity com.example.yukka.model.uzytkownik.MaUstawienia is using a Long value for storing internally generated Neo4j ids. The Neo4j internal Long Ids are deprecated, please consider using an external ID generator.
2025-01-22T13:08:45.917+01:00  WARN 24732 --- [yukka] [main] o.s.d.n.c.mapping.Neo4jPersistentEntity  : The entity com.example.yukka.model.social.models.powiadomienie.Powiadamia is using a Long value for storing internally generated Neo4j ids. The Neo4j internal Long Ids are deprecated, please consider using an external ID generator.
2025-01-22T13:08:45.923+01:00  WARN 24732 --- [yukka] [main] o.s.d.n.c.mapping.Neo4jPersistentEntity  : The entity com.example.yukka.model.social.models.powiadomienie.Powiadomienie is using a Long value for storing internally generated Neo4j ids. The Neo4j internal Long Ids are deprecated, please consider using an external ID generator.
2025-01-22T13:08:46.958+01:00  INFO 24732 --- [yukka] [main] eAuthenticationProviderManagerConfigurer : Global AuthenticationManager configured with AuthenticationProvider bean with name neo4JAuthenticationProvider
2025-01-22T13:08:46.960+01:00  WARN 24732 --- [yukka] [main] r$InitializeUserDetailsManagerConfigurer : Global AuthenticationManager configured with an AuthenticationProvider bean. UserDetailsService beans will not be used for username/password login. Consider removing the AuthenticationProvider bean. Alternatively, consider using the UserDetailsService in a manually instantiated DaoAuthenticationProvider.
2025-01-22T13:08:47.055+01:00  INFO 24732 --- [yukka] [main] o.s.b.a.w.s.WelcomePageHandlerMapping    : Adding welcome page: class path resource [static/index.html]
2025-01-22T13:08:47.488+01:00  INFO 24732 --- [yukka] [main] o.s.b.a.e.web.EndpointLinksResolver      : Exposing 1 endpoint beneath base path '/actuator'
2025-01-22T13:08:48.081+01:00  INFO 24732 --- [yukka] [main] o.s.b.w.embedded.tomcat.TomcatWebServer  : Tomcat started on port 8081 (http) with context path '/'
2025-01-22T13:08:48.104+01:00  INFO 24732 --- [yukka] [main] com.example.yukka.YukkaApplication       : Started YukkaApplication in 5.579 seconds (process running for 6.056)
2025-01-22T13:08:48.125+01:00  INFO 24732 --- [yukka] [main] com.example.yukka.YukkaApplication       : Seedowanie bazy danych...
2025-01-22T13:08:48.368+01:00  INFO 24732 --- [yukka] [main] c.e.y.m.s.m.p.c.PowiadomienieService     : Sprawdzanie zbanowanych użytkowników
2025-01-22T13:08:48.427+01:00  INFO 24732 --- [yukka] [main] c.e.y.m.s.m.p.c.PowiadomienieService     : Sprawdzanie okresów powiadomień
2025-01-22T13:08:48.428+01:00  INFO 24732 --- [yukka] [main] c.e.y.m.s.m.p.c.PowiadomienieService     : Dzisiaj nie jest pierwszy dzień miesiąca, pomijanie sprawdzania okresów powiadomień
2025-01-22T13:08:48.750+01:00  INFO 24732 --- [yukka] [RMI TCP Connection(3)-127.0.0.1] o.a.c.c.C.[Tomcat].[localhost].[/]       : Initializing Spring DispatcherServlet 'dispatcherServlet'
2025-01-22T13:08:48.751+01:00  INFO 24732 --- [yukka] [RMI TCP Connection(3)-127.0.0.1] o.s.web.servlet.DispatcherServlet        : Initializing Servlet 'dispatcherServlet'
2025-01-22T13:08:48.753+01:00  INFO 24732 --- [yukka] [RMI TCP Connection(3)-127.0.0.1] o.s.web.servlet.DispatcherServlet        : Completed initialization in 1 ms
